<?xml version="1.0" encoding="UTF-8"?>
<!-- Generated by org.testng.reporters.JUnitXMLReporter -->
<testsuite hostname="Lenovo" ignored="0" name="Test" tests="23" failures="0" timestamp="14 Sep 2021 05:03:46 GMT" time="18.789" errors="0">
  <testcase name="username" time="0.276" classname="org.flight.Testngadatin"/>
  <testcase name="password" time="0.22" classname="org.flight.Testngadatin"/>
  <testcase name="login" time="1.289" classname="org.flight.Testngadatin"/>
  <testcase name="location" time="0.318" classname="org.flight.Testngadatin"/>
  <testcase name="hotels" time="0.25" classname="org.flight.Testngadatin"/>
  <testcase name="roomtype" time="0.268" classname="org.flight.Testngadatin"/>
  <testcase name="noofroom" time="0.263" classname="org.flight.Testngadatin"/>
  <testcase name="checkindate" time="0.169" classname="org.flight.Testngadatin"/>
  <testcase name="checkoutdate" time="0.205" classname="org.flight.Testngadatin"/>
  <testcase name="adultsperroom" time="0.259" classname="org.flight.Testngadatin"/>
  <testcase name="chidperroom" time="0.217" classname="org.flight.Testngadatin"/>
  <testcase name="search" time="1.264" classname="org.flight.Testngadatin"/>
  <testcase name="continues" time="0.143" classname="org.flight.Testngadatin"/>
  <testcase name="continuebtn" time="0.889" classname="org.flight.Testngadatin"/>
  <testcase name="firstname" time="0.196" classname="org.flight.Testngadatin"/>
  <testcase name="lastname" time="0.195" classname="org.flight.Testngadatin"/>
  <testcase name="address" time="0.198" classname="org.flight.Testngadatin"/>
  <testcase name="creditcardno" time="0.23" classname="org.flight.Testngadatin"/>
  <testcase name="creditcardtype" time="0.209" classname="org.flight.Testngadatin"/>
  <testcase name="expiredate" time="0.39" classname="org.flight.Testngadatin"/>
  <testcase name="cctypeyear" time="0.37" classname="org.flight.Testngadatin"/>
  <testcase name="cvvno" time="0.157" classname="org.flight.Testngadatin"/>
  <testcase name="booknow" time="0.147" classname="org.flight.Testngadatin"/>
</testsuite> <!-- Test -->
